<?xml version="1.0" encoding="UTF-8"?>
<testng-results ignored="0" total="3" passed="2" failed="1" skipped="0">
  <reporter-output>
  </reporter-output>
  <suite started-at="2022-08-25T11:21:23 IST" name="Suite" finished-at="2022-08-25T11:22:16 IST" duration-ms="52997">
    <groups>
    </groups>
    <test started-at="2022-08-25T11:21:23 IST" name="Validate Test" finished-at="2022-08-25T11:21:43 IST" duration-ms="20679">
      <class name="Project.End2End.ValidateTitle">
        <test-method signature="Login()[pri:0, instance:Project.End2End.ValidateTitle@3514a4c0]" started-at="2022-08-25T11:21:23 IST" name="Login" finished-at="2022-08-25T11:21:42 IST" duration-ms="18741" status="FAIL">
          <exception class="java.lang.AssertionError">
            <message>
              <![CDATA[expected [FEATURED COURES] but found [FEATURED COURSES]]]>
            </message>
            <full-stacktrace>
              <![CDATA[java.lang.AssertionError: expected [FEATURED COURES] but found [FEATURED COURSES]
at org.testng.Assert.fail(Assert.java:99)
at org.testng.Assert.failNotEquals(Assert.java:1037)
at org.testng.Assert.assertEqualsImpl(Assert.java:140)
at org.testng.Assert.assertEquals(Assert.java:122)
at org.testng.Assert.assertEquals(Assert.java:629)
at org.testng.Assert.assertEquals(Assert.java:639)
at Project.End2End.ValidateTitle.Login(ValidateTitle.java:35)
at java.base/jdk.internal.reflect.NativeMethodAccessorImpl.invoke0(Native Method)
at java.base/jdk.internal.reflect.NativeMethodAccessorImpl.invoke(NativeMethodAccessorImpl.java:77)
at java.base/jdk.internal.reflect.DelegatingMethodAccessorImpl.invoke(DelegatingMethodAccessorImpl.java:43)
at java.base/java.lang.reflect.Method.invoke(Method.java:568)
at org.testng.internal.MethodInvocationHelper.invokeMethod(MethodInvocationHelper.java:133)
at org.testng.internal.TestInvoker.invokeMethod(TestInvoker.java:598)
at org.testng.internal.TestInvoker.invokeTestMethod(TestInvoker.java:173)
at org.testng.internal.MethodRunner.runInSequence(MethodRunner.java:46)
at org.testng.internal.TestInvoker$MethodInvocationAgent.invoke(TestInvoker.java:824)
at org.testng.internal.TestInvoker.invokeTestMethods(TestInvoker.java:146)
at org.testng.internal.TestMethodWorker.invokeTestMethods(TestMethodWorker.java:146)
at org.testng.internal.TestMethodWorker.run(TestMethodWorker.java:128)
at java.base/java.util.ArrayList.forEach(ArrayList.java:1511)
at org.testng.TestRunner.privateRun(TestRunner.java:794)
at org.testng.TestRunner.run(TestRunner.java:596)
at org.testng.SuiteRunner.runTest(SuiteRunner.java:377)
at org.testng.SuiteRunner.runSequentially(SuiteRunner.java:371)
at org.testng.SuiteRunner.privateRun(SuiteRunner.java:332)
at org.testng.SuiteRunner.run(SuiteRunner.java:276)
at org.testng.SuiteRunnerWorker.runSuite(SuiteRunnerWorker.java:53)
at org.testng.SuiteRunnerWorker.run(SuiteRunnerWorker.java:96)
at org.testng.TestNG.runSuitesSequentially(TestNG.java:1212)
at org.testng.TestNG.runSuitesLocally(TestNG.java:1134)
at org.testng.TestNG.runSuites(TestNG.java:1063)
at org.testng.TestNG.run(TestNG.java:1031)
at org.testng.remote.AbstractRemoteTestNG.run(AbstractRemoteTestNG.java:115)
at org.testng.remote.RemoteTestNG.initAndRun(RemoteTestNG.java:251)
at org.testng.remote.RemoteTestNG.main(RemoteTestNG.java:77)
]]>
            </full-stacktrace>
          </exception> <!-- java.lang.AssertionError -->
          <reporter-output>
          </reporter-output>
        </test-method> <!-- Login -->
        <test-method is-config="true" signature="tearDown()[pri:0, instance:Project.End2End.ValidateTitle@3514a4c0]" started-at="2022-08-25T11:21:43 IST" name="tearDown" finished-at="2022-08-25T11:21:43 IST" duration-ms="813" status="PASS">
          <reporter-output>
          </reporter-output>
        </test-method> <!-- tearDown -->
      </class> <!-- Project.End2End.ValidateTitle -->
    </test> <!-- Validate Test -->
    <test started-at="2022-08-25T11:21:43 IST" name="Login Test" finished-at="2022-08-25T11:22:16 IST" duration-ms="32240">
      <class name="Project.End2End.Login">
        <test-method is-config="true" signature="Begin()[pri:0, instance:Project.End2End.Login@1af2d44a]" started-at="2022-08-25T11:21:43 IST" name="Begin" finished-at="2022-08-25T11:21:46 IST" duration-ms="2457" status="PASS">
          <reporter-output>
          </reporter-output>
        </test-method> <!-- Begin -->
        <test-method signature="VerifyLogin(java.lang.String,java.lang.String)[pri:0, instance:Project.End2End.Login@1af2d44a]" started-at="2022-08-25T11:21:46 IST" name="VerifyLogin" data-provider="getData" finished-at="2022-08-25T11:22:01 IST" duration-ms="15210" status="PASS">
          <params>
            <param index="0">
              <value>
                <![CDATA[Manu@Manu.com]]>
              </value>
            </param>
            <param index="1">
              <value>
                <![CDATA[Test@787]]>
              </value>
            </param>
          </params>
          <reporter-output>
          </reporter-output>
        </test-method> <!-- VerifyLogin -->
        <test-method signature="VerifyLogin(java.lang.String,java.lang.String)[pri:0, instance:Project.End2End.Login@1af2d44a]" started-at="2022-08-25T11:22:01 IST" name="VerifyLogin" data-provider="getData" finished-at="2022-08-25T11:22:15 IST" duration-ms="14238" status="PASS">
          <params>
            <param index="0">
              <value>
                <![CDATA[Edward@Manu.com]]>
              </value>
            </param>
            <param index="1">
              <value>
                <![CDATA[Test@190]]>
              </value>
            </param>
          </params>
          <reporter-output>
          </reporter-output>
        </test-method> <!-- VerifyLogin -->
        <test-method is-config="true" signature="tearDown()[pri:0, instance:Project.End2End.Login@1af2d44a]" started-at="2022-08-25T11:22:15 IST" name="tearDown" finished-at="2022-08-25T11:22:16 IST" duration-ms="315" status="PASS">
          <reporter-output>
          </reporter-output>
        </test-method> <!-- tearDown -->
      </class> <!-- Project.End2End.Login -->
    </test> <!-- Login Test -->
  </suite> <!-- Suite -->
</testng-results>
